<?xml version="1.0" encoding="UTF-8"?>
<!-- Generated by org.testng.reporters.JUnitReportReporter -->
<testsuite skipped="0" hostname="LAPTOP-C4JBVE4V" name="mvntst.mvnj.studentMain" tests="1" failures="0" timestamp="2021-10-18T18:19:02 IST" time="275.349" errors="0">
  <testcase name="student" time="275.349" classname="mvntst.mvnj.studentMain"/>
  <system-out/>
</testsuite> <!-- mvntst.mvnj.studentMain -->
