<?xml version="1.0" encoding="UTF-8"?>
<!-- Generated by org.testng.reporters.JUnitReportReporter -->
<testsuite skipped="0" hostname="LAPTOP-C4JBVE4V" name="mvntst.mvnj.qchTest" tests="1" failures="0" timestamp="2021-10-17T18:28:55 IST" time="36.990" errors="0">
  <testcase name="validLogin" time="36.990" classname="mvntst.mvnj.qchTest"/>
  <system-out/>
</testsuite> <!-- mvntst.mvnj.qchTest -->
