<?xml version="1.0" encoding="UTF-8"?>
<!-- Generated by org.testng.reporters.JUnitReportReporter -->
<testsuite skipped="0" hostname="LAPTOP-C4JBVE4V" name="mvntst.mvnj.adminTest" tests="1" failures="0" timestamp="2021-10-17T23:51:51 IST" time="27.540" errors="0">
  <testcase name="downloadReport" time="27.540" classname="mvntst.mvnj.adminTest"/>
  <system-out/>
</testsuite> <!-- mvntst.mvnj.adminTest -->
