<?xml version="1.0" encoding="UTF-8"?>
<!-- Generated by org.testng.reporters.JUnitReportReporter -->
<testsuite skipped="0" hostname="LAPTOP-C4JBVE4V" name="mvntst.mvnj.Qualicoach" tests="1" failures="0" timestamp="2021-10-22T11:41:54 IST" time="38.399" errors="0">
  <testcase name="aastudent" time="38.399" classname="mvntst.mvnj.Qualicoach"/>
  <system-out/>
</testsuite> <!-- mvntst.mvnj.Qualicoach -->
