<?xml version="1.0" encoding="UTF-8"?>
<!-- Generated by org.testng.reporters.JUnitReportReporter -->
<testsuite skipped="0" hostname="LAPTOP-C4JBVE4V" name="mvntst.mvnj.Qualicoach" tests="1" failures="0" timestamp="2021-10-19T18:25:35 IST" time="81.624" errors="0">
  <testcase name="student" time="81.624" classname="mvntst.mvnj.Qualicoach"/>
  <system-out/>
</testsuite> <!-- mvntst.mvnj.Qualicoach -->
