<?xml version="1.0" encoding="UTF-8"?>
<!-- Generated by org.testng.reporters.JUnitReportReporter -->
<testsuite skipped="0" hostname="LAPTOP-C4JBVE4V" name="mvntst.mvnj.Qualicoach" tests="2" failures="0" timestamp="2021-10-19T18:37:10 IST" time="581.046" errors="0">
  <testcase name="admin" time="245.043" classname="mvntst.mvnj.Qualicoach"/>
  <system-out/>
  <testcase name="student" time="336.003" classname="mvntst.mvnj.Qualicoach"/>
  <system-out/>
</testsuite> <!-- mvntst.mvnj.Qualicoach -->
