<?xml version="1.0" encoding="UTF-8"?>
<!-- Generated by org.testng.reporters.JUnitReportReporter -->
<testsuite skipped="0" hostname="LAPTOP-C4JBVE4V" name="mvntst.mvnj.Qualicoach" tests="2" failures="0" timestamp="2021-10-22T15:04:34 IST" time="528.011" errors="0">
  <testcase name="aastudent" time="304.254" classname="mvntst.mvnj.Qualicoach"/>
  <system-out/>
  <testcase name="admin" time="223.757" classname="mvntst.mvnj.Qualicoach"/>
  <system-out/>
</testsuite> <!-- mvntst.mvnj.Qualicoach -->
