<?xml version="1.0" encoding="UTF-8"?>
<!-- Generated by org.testng.reporters.JUnitReportReporter -->
<testsuite skipped="0" hostname="LAPTOP-C4JBVE4V" name="mvntst.mvnj.qchTest" tests="7" failures="0" timestamp="2021-10-18T00:03:42 IST" time="275.962" errors="0">
  <testcase name="dummyEnroll" time="44.751" classname="mvntst.mvnj.qchTest"/>
  <system-out/>
  <testcase name="invalidLogin" time="12.579" classname="mvntst.mvnj.qchTest"/>
  <system-out/>
  <testcase name="badgeNsurvey" time="49.711" classname="mvntst.mvnj.qchTest"/>
  <system-out/>
  <testcase name="validLogin" time="31.451" classname="mvntst.mvnj.qchTest"/>
  <system-out/>
  <testcase name="dummyQuiz" time="42.879" classname="mvntst.mvnj.qchTest"/>
  <system-out/>
  <testcase name="user" time="43.437" classname="mvntst.mvnj.qchTest"/>
  <system-out/>
  <testcase name="courseCert" time="51.154" classname="mvntst.mvnj.qchTest"/>
  <system-out/>
</testsuite> <!-- mvntst.mvnj.qchTest -->
