<?xml version="1.0" encoding="UTF-8"?>
<!-- Generated by org.testng.reporters.JUnitReportReporter -->
<testsuite skipped="0" hostname="LAPTOP-C4JBVE4V" name="mvntst.mvnj.studentFull" tests="1" failures="0" timestamp="2021-10-18T19:24:22 IST" time="38.451" errors="0">
  <testcase name="validLogin" time="38.451" classname="mvntst.mvnj.studentFull"/>
  <system-out/>
</testsuite> <!-- mvntst.mvnj.studentFull -->
