<?xml version="1.0" encoding="UTF-8"?>
<!-- Generated by org.testng.reporters.JUnitReportReporter -->
<testsuite skipped="0" hostname="LAPTOP-C4JBVE4V" name="mvntst.mvnj.Qualicoach" tests="2" failures="0" timestamp="2021-10-18T18:39:37 IST" time="516.445" errors="0">
  <testcase name="admin" time="185.921" classname="mvntst.mvnj.Qualicoach"/>
  <system-out/>
  <testcase name="student" time="330.524" classname="mvntst.mvnj.Qualicoach"/>
  <system-out/>
</testsuite> <!-- mvntst.mvnj.Qualicoach -->
