<?xml version="1.0" encoding="UTF-8"?>
<!-- Generated by org.testng.reporters.JUnitReportReporter -->
<testsuite skipped="0" hostname="LAPTOP-C4JBVE4V" name="mvntst.mvnj.studentFull" tests="1" failures="0" timestamp="2021-10-18T23:31:15 IST" time="46.517" errors="0">
  <testcase name="validLogin" time="46.517" classname="mvntst.mvnj.studentFull"/>
  <system-out/>
</testsuite> <!-- mvntst.mvnj.studentFull -->
