<?xml version="1.0" encoding="UTF-8"?>
<!-- Generated by org.testng.reporters.JUnitReportReporter -->
<testsuite skipped="0" hostname="LAPTOP-C4JBVE4V" name="mvntst.mvnj.adminTest" tests="5" failures="0" timestamp="2021-10-18T00:03:42 IST" time="152.445" errors="0">
  <testcase name="createCourse" time="46.308" classname="mvntst.mvnj.adminTest"/>
  <system-out/>
  <testcase name="login" time="17.871" classname="mvntst.mvnj.adminTest"/>
  <system-out/>
  <testcase name="downloadReport" time="24.719" classname="mvntst.mvnj.adminTest"/>
  <system-out/>
  <testcase name="deleteUser" time="30.171" classname="mvntst.mvnj.adminTest"/>
  <system-out/>
  <testcase name="addUser" time="33.376" classname="mvntst.mvnj.adminTest"/>
  <system-out/>
</testsuite> <!-- mvntst.mvnj.adminTest -->
