<?xml version="1.0" encoding="UTF-8"?>
<!-- Generated by org.testng.reporters.JUnitReportReporter -->
<testsuite skipped="0" hostname="LAPTOP-C4JBVE4V" name="mvntst.mvnj.sample" tests="1" failures="0" timestamp="2021-10-15T18:12:29 IST" time="0.003" errors="0">
  <testcase name="print" time="0.003" classname="mvntst.mvnj.sample"/>
  <system-out/>
</testsuite> <!-- mvntst.mvnj.sample -->
