<?xml version="1.0" encoding="UTF-8"?>
<!-- Generated by org.testng.reporters.JUnitReportReporter -->
<testsuite skipped="0" hostname="LAPTOP-C4JBVE4V" name="mvntst.mvnj.Qualicoach" tests="2" failures="0" timestamp="2021-10-22T13:28:03 IST" time="516.313" errors="0">
  <testcase name="aastudent" time="291.955" classname="mvntst.mvnj.Qualicoach"/>
  <system-out/>
  <testcase name="admin" time="224.358" classname="mvntst.mvnj.Qualicoach"/>
  <system-out/>
</testsuite> <!-- mvntst.mvnj.Qualicoach -->
